<?xml version="1.0" encoding="UTF-8"?>
<!-- Generated by org.testng.reporters.JUnitReportReporter -->
<testsuite hostname="sania-PC" name="com.selenium.runner.Runner" tests="1" failures="0" timestamp="21 Jan 2018 20:03:21 GMT" time="37.590" errors="0">
  <testcase name="feature" time="37.590" classname="com.selenium.runner.Runner"/>
</testsuite> <!-- com.selenium.runner.Runner -->
